<?xml version="1.0" encoding="UTF-8"?>
<!-- Generated by org.testng.reporters.JUnitXMLReporter -->
<testsuite ignored="4" hostname="TYSS-Shobha" failures="0" tests="2" name="TestRunner3" time="17.797" errors="0" timestamp="2024-07-12T19:53:29 IST">
  <testcase classname="Organization.CreateOrganizationTest" name="createOrganizationTest" time="0.001">
    <skipped/>
  </testcase> <!-- createOrganizationTest -->
  <testcase classname="Campaigns.CreateCampaignWithProductTest" name="createCampaignWithProductTest" time="0.0">
    <skipped/>
  </testcase> <!-- createCampaignWithProductTest -->
  <testcase classname="Generic_Utilities.BaseClass" name="@BeforeSuite BS" time="0.0">
    <ignored/>
  </testcase> <!-- @BeforeSuite BS -->
  <testcase classname="Generic_Utilities.BaseClass" name="@AfterTest AT" time="0.0">
    <ignored/>
  </testcase> <!-- @AfterTest AT -->
  <testcase classname="Generic_Utilities.BaseClass" name="@BeforeTest BT" time="0.0">
    <ignored/>
  </testcase> <!-- @BeforeTest BT -->
  <testcase classname="Generic_Utilities.BaseClass" name="@AfterSuite AS" time="0.0">
    <ignored/>
  </testcase> <!-- @AfterSuite AS -->
</testsuite> <!-- TestRunner3 -->
