<?xml version="1.0" encoding="UTF-8"?>
<testng-results ignored="0" total="1" passed="1" failed="0" skipped="0">
  <reporter-output>
  </reporter-output>
  <suite started-at="2024-07-17T19:14:49 IST" name="Default suite" finished-at="2024-07-17T19:15:08 IST" duration-ms="19496">
    <groups>
    </groups>
    <test started-at="2024-07-17T19:14:49 IST" name="Default test" finished-at="2024-07-17T19:15:08 IST" duration-ms="19496">
      <class name="Product.CreateProductAndDeleteProductTest">
        <test-method is-config="true" signature="BS()[pri:0, instance:Product.CreateProductAndDeleteProductTest@7a35b0f5]" started-at="2024-07-17T19:14:49 IST" name="BS" finished-at="2024-07-17T19:14:49 IST" duration-ms="20" status="PASS">
          <reporter-output>
          </reporter-output>
        </test-method> <!-- BS -->
        <test-method is-config="true" signature="BT()[pri:0, instance:Product.CreateProductAndDeleteProductTest@7a35b0f5]" started-at="2024-07-17T19:14:49 IST" name="BT" finished-at="2024-07-17T19:14:49 IST" duration-ms="1" status="PASS">
          <reporter-output>
          </reporter-output>
        </test-method> <!-- BT -->
        <test-method is-config="true" signature="BC()[pri:0, instance:Product.CreateProductAndDeleteProductTest@7a35b0f5]" started-at="2024-07-17T19:14:49 IST" name="BC" finished-at="2024-07-17T19:14:52 IST" duration-ms="3153" status="PASS">
          <reporter-output>
          </reporter-output>
        </test-method> <!-- BC -->
        <test-method is-config="true" signature="BM()[pri:0, instance:Product.CreateProductAndDeleteProductTest@7a35b0f5]" started-at="2024-07-17T19:14:52 IST" name="BM" finished-at="2024-07-17T19:14:55 IST" duration-ms="3424" status="PASS">
          <reporter-output>
          </reporter-output>
        </test-method> <!-- BM -->
        <test-method signature="createProductAndDeleteProductTest()[pri:0, instance:Product.CreateProductAndDeleteProductTest@7a35b0f5]" started-at="2024-07-17T19:14:55 IST" name="createProductAndDeleteProductTest" finished-at="2024-07-17T19:15:06 IST" duration-ms="11146" status="PASS">
          <reporter-output>
          </reporter-output>
        </test-method> <!-- createProductAndDeleteProductTest -->
        <test-method is-config="true" signature="AM()[pri:0, instance:Product.CreateProductAndDeleteProductTest@7a35b0f5]" started-at="2024-07-17T19:15:06 IST" name="AM" finished-at="2024-07-17T19:15:08 IST" duration-ms="1528" status="PASS">
          <reporter-output>
          </reporter-output>
        </test-method> <!-- AM -->
        <test-method is-config="true" signature="AC()[pri:0, instance:Product.CreateProductAndDeleteProductTest@7a35b0f5]" started-at="2024-07-17T19:15:08 IST" name="AC" finished-at="2024-07-17T19:15:08 IST" duration-ms="204" status="PASS">
          <reporter-output>
          </reporter-output>
        </test-method> <!-- AC -->
        <test-method is-config="true" signature="AT()[pri:0, instance:Product.CreateProductAndDeleteProductTest@7a35b0f5]" started-at="2024-07-17T19:15:08 IST" name="AT" finished-at="2024-07-17T19:15:08 IST" duration-ms="1" status="PASS">
          <reporter-output>
          </reporter-output>
        </test-method> <!-- AT -->
        <test-method is-config="true" signature="AS()[pri:0, instance:Product.CreateProductAndDeleteProductTest@7a35b0f5]" started-at="2024-07-17T19:15:08 IST" name="AS" finished-at="2024-07-17T19:15:09 IST" duration-ms="387" status="PASS">
          <reporter-output>
          </reporter-output>
        </test-method> <!-- AS -->
      </class> <!-- Product.CreateProductAndDeleteProductTest -->
    </test> <!-- Default test -->
  </suite> <!-- Default suite -->
</testng-results>
